<?xml version="1.0" encoding="UTF-8"?>
<!-- Generated by org.testng.reporters.JUnitReportReporter -->
<testsuite skipped="11" hostname="QINDW143" name="com.bonify.test.suites.Smoke_Tests" tests="12" failures="0" timestamp="22 Nov 2018 05:12:24 GMT" time="5.914" errors="1">
  <testcase name="TC_06_Verify_Login_Button" time="0.000" classname="com.bonify.test.suites.Smoke_Tests">
    <skipped/>
  </testcase> <!-- TC_06_Verify_Login_Button -->
  <testcase name="TC_10_Verify_Datenschutz_Link" time="0.000" classname="com.bonify.test.suites.Smoke_Tests">
    <skipped/>
  </testcase> <!-- TC_10_Verify_Datenschutz_Link -->
  <testcase name="TC_01_Verify_Page_Titile" time="0.000" classname="com.bonify.test.suites.Smoke_Tests">
    <skipped/>
  </testcase> <!-- TC_01_Verify_Page_Titile -->
  <testcase name="TC_03_Verify_UserName_Field" time="0.000" classname="com.bonify.test.suites.Smoke_Tests">
    <skipped/>
  </testcase> <!-- TC_03_Verify_UserName_Field -->
  <testcase name="TC_09_Verify_AGB_Link" time="0.000" classname="com.bonify.test.suites.Smoke_Tests">
    <skipped/>
  </testcase> <!-- TC_09_Verify_AGB_Link -->
  <testcase name="TC_07_Verify_Register_Button" time="0.000" classname="com.bonify.test.suites.Smoke_Tests">
    <skipped/>
  </testcase> <!-- TC_07_Verify_Register_Button -->
  <testcase name="Suite_Setup" time="5.914" classname="com.bonify.test.suites.Smoke_Tests">
    <error type="org.openqa.selenium.NoSuchWindowException" message="Browsing context has been discarded
Build info: version: &#039;3.14.0&#039;, revision: &#039;aacccce0&#039;, time: &#039;2018-08-02T20:05:20.749Z&#039;
System info: host: &#039;QINDW143&#039;, ip: &#039;192.168.128.74&#039;, os.name: &#039;Windows 10&#039;, os.arch: &#039;amd64&#039;, os.version: &#039;10.0&#039;, java.version: &#039;1.8.0_191&#039;
Driver info: org.openqa.selenium.firefox.FirefoxDriver
Capabilities {acceptInsecureCerts: true, browserName: firefox, browserVersion: 62.0.2, javascriptEnabled: true, moz:accessibilityChecks: false, moz:headless: false, moz:processID: 21828, moz:profile: C:\Users\rnavakoti\AppData\..., moz:useNonSpecCompliantPointerOrigin: false, moz:webdriverClick: true, pageLoadStrategy: normal, platform: XP, platformName: XP, platformVersion: 10.0, rotatable: false, timeouts: {implicit: 0, pageLoad: 300000, script: 30000}}
Session ID: e9702c7e-96b5-45a4-bf96-b6b0c6cea920">
      <![CDATA[org.openqa.selenium.NoSuchWindowException: Browsing context has been discarded
Build info: version: '3.14.0', revision: 'aacccce0', time: '2018-08-02T20:05:20.749Z'
System info: host: 'QINDW143', ip: '192.168.128.74', os.name: 'Windows 10', os.arch: 'amd64', os.version: '10.0', java.version: '1.8.0_191'
Driver info: org.openqa.selenium.firefox.FirefoxDriver
Capabilities {acceptInsecureCerts: true, browserName: firefox, browserVersion: 62.0.2, javascriptEnabled: true, moz:accessibilityChecks: false, moz:headless: false, moz:processID: 21828, moz:profile: C:\Users\rnavakoti\AppData\..., moz:useNonSpecCompliantPointerOrigin: false, moz:webdriverClick: true, pageLoadStrategy: normal, platform: XP, platformName: XP, platformVersion: 10.0, rotatable: false, timeouts: {implicit: 0, pageLoad: 300000, script: 30000}}
Session ID: e9702c7e-96b5-45a4-bf96-b6b0c6cea920
at sun.reflect.NativeConstructorAccessorImpl.newInstance0(Native Method)
at sun.reflect.NativeConstructorAccessorImpl.newInstance(Unknown Source)
at sun.reflect.DelegatingConstructorAccessorImpl.newInstance(Unknown Source)
at java.lang.reflect.Constructor.newInstance(Unknown Source)
at org.openqa.selenium.remote.http.W3CHttpResponseCodec.createException(W3CHttpResponseCodec.java:187)
at org.openqa.selenium.remote.http.W3CHttpResponseCodec.decode(W3CHttpResponseCodec.java:122)
at org.openqa.selenium.remote.http.W3CHttpResponseCodec.decode(W3CHttpResponseCodec.java:49)
at org.openqa.selenium.remote.HttpCommandExecutor.execute(HttpCommandExecutor.java:158)
at org.openqa.selenium.remote.service.DriverCommandExecutor.execute(DriverCommandExecutor.java:83)
at org.openqa.selenium.remote.RemoteWebDriver.execute(RemoteWebDriver.java:548)
at org.openqa.selenium.remote.RemoteWebDriver.get(RemoteWebDriver.java:276)
at com.bonify.test.suites.Smoke_Tests.Suite_Setup(Smoke_Tests.java:39)
at sun.reflect.NativeMethodAccessorImpl.invoke0(Native Method)
at sun.reflect.NativeMethodAccessorImpl.invoke(Unknown Source)
at sun.reflect.DelegatingMethodAccessorImpl.invoke(Unknown Source)
at java.lang.reflect.Method.invoke(Unknown Source)
at org.testng.internal.MethodInvocationHelper.invokeMethod(MethodInvocationHelper.java:124)
at org.testng.internal.MethodInvocationHelper.invokeMethodConsideringTimeout(MethodInvocationHelper.java:59)
at org.testng.internal.Invoker.invokeConfigurationMethod(Invoker.java:455)
at org.testng.internal.Invoker.invokeConfigurations(Invoker.java:222)
at org.testng.internal.Invoker.invokeConfigurations(Invoker.java:142)
at org.testng.SuiteRunner.privateRun(SuiteRunner.java:401)
at org.testng.SuiteRunner.run(SuiteRunner.java:364)
at org.testng.SuiteRunnerWorker.runSuite(SuiteRunnerWorker.java:52)
at org.testng.SuiteRunnerWorker.run(SuiteRunnerWorker.java:84)
at org.testng.TestNG.runSuitesSequentially(TestNG.java:1208)
at org.testng.TestNG.runSuitesLocally(TestNG.java:1137)
at org.testng.TestNG.runSuites(TestNG.java:1049)
at org.testng.TestNG.run(TestNG.java:1017)
at org.testng.remote.AbstractRemoteTestNG.run(AbstractRemoteTestNG.java:114)
at org.testng.remote.RemoteTestNG.initAndRun(RemoteTestNG.java:251)
at org.testng.remote.RemoteTestNG.main(RemoteTestNG.java:77)
]]>
    </error>
  </testcase> <!-- Suite_Setup -->
  <testcase name="TC_04_Verify_Password_Field" time="0.000" classname="com.bonify.test.suites.Smoke_Tests">
    <skipped/>
  </testcase> <!-- TC_04_Verify_Password_Field -->
  <testcase name="TC_05_Verify_Forgot_Password_Link" time="0.000" classname="com.bonify.test.suites.Smoke_Tests">
    <skipped/>
  </testcase> <!-- TC_05_Verify_Forgot_Password_Link -->
  <testcase name="TC_08_Verify_impressum_Link" time="0.000" classname="com.bonify.test.suites.Smoke_Tests">
    <skipped/>
  </testcase> <!-- TC_08_Verify_impressum_Link -->
  <testcase name="TC_02_Verify_HeaderText" time="0.000" classname="com.bonify.test.suites.Smoke_Tests">
    <skipped/>
  </testcase> <!-- TC_02_Verify_HeaderText -->
  <testcase name="TC_11_Verify_Footer_Text" time="0.000" classname="com.bonify.test.suites.Smoke_Tests">
    <skipped/>
  </testcase> <!-- TC_11_Verify_Footer_Text -->
</testsuite> <!-- com.bonify.test.suites.Smoke_Tests -->
